This is pdfTeX, Version 3.14159265-2.6-1.40.20 (TeX Live 2019/Arch Linux) (preloaded format=pdflatex 2020.5.8)  14 MAY 2020 07:40
entering extended mode
 restricted \write18 enabled.
 %&-line parsing enabled.
**kerdesek.tex
(./kerdesek.tex
LaTeX2e <2019-10-01> patch level 1
(/usr/share/texmf-dist/tex/latex/extsizes/extarticle.cls
Document Class: extarticle 1996/10/08 v1.0 Non Standard LaTeX document class
(/usr/share/texmf-dist/tex/latex/extsizes/size14.clo
File: size14.clo 1999/11/11 v1.4a NON-Standard LaTeX file (size option)
)
(/usr/share/texmf-dist/tex/latex/base/exscale.sty
Package: exscale 2018/09/24 v2.1i Standard LaTeX package exscale
LaTeX Font Info:    Redeclaring symbol font `largesymbols' on input line 57.
LaTeX Font Info:    Overwriting symbol font `largesymbols' in version `normal'
(Font)                  OMX/cmex/m/n --> OMX/cmex/m/n on input line 57.
LaTeX Font Info:    Overwriting symbol font `largesymbols' in version `bold'
(Font)                  OMX/cmex/m/n --> OMX/cmex/m/n on input line 57.
\big@size=\dimen102
)
\c@part=\count80
\c@section=\count81
\c@subsection=\count82
\c@subsubsection=\count83
\c@paragraph=\count84
\c@subparagraph=\count85
\c@figure=\count86
\c@table=\count87
\abovecaptionskip=\skip41
\belowcaptionskip=\skip42
\bibindent=\dimen103
)
(/usr/share/texmf-dist/tex/latex/geometry/geometry.sty
Package: geometry 2018/04/16 v5.8 Page Geometry

(/usr/share/texmf-dist/tex/latex/graphics/keyval.sty
Package: keyval 2014/10/28 v1.15 key=value parser (DPC)
\KV@toks@=\toks14
)
(/usr/share/texmf-dist/tex/generic/oberdiek/ifpdf.sty
Package: ifpdf 2018/09/07 v3.3 Provides the ifpdf switch
)
(/usr/share/texmf-dist/tex/generic/oberdiek/ifvtex.sty
Package: ifvtex 2016/05/16 v1.6 Detect VTeX and its facilities (HO)
Package ifvtex Info: VTeX not detected.
)
(/usr/share/texmf-dist/tex/generic/ifxetex/ifxetex.sty
Package: ifxetex 2010/09/12 v0.6 Provides ifxetex conditional
)
\Gm@cnth=\count88
\Gm@cntv=\count89
\c@Gm@tempcnt=\count90
\Gm@bindingoffset=\dimen104
\Gm@wd@mp=\dimen105
\Gm@odd@mp=\dimen106
\Gm@even@mp=\dimen107
\Gm@layoutwidth=\dimen108
\Gm@layoutheight=\dimen109
\Gm@layouthoffset=\dimen110
\Gm@layoutvoffset=\dimen111
\Gm@dimlist=\toks15
)
(/usr/share/texmf-dist/tex/latex/lm/lmodern.sty
Package: lmodern 2009/10/30 v1.6 Latin Modern Fonts
LaTeX Font Info:    Overwriting symbol font `operators' in version `normal'
(Font)                  OT1/cmr/m/n --> OT1/lmr/m/n on input line 22.
LaTeX Font Info:    Overwriting symbol font `letters' in version `normal'
(Font)                  OML/cmm/m/it --> OML/lmm/m/it on input line 23.
LaTeX Font Info:    Overwriting symbol font `symbols' in version `normal'
(Font)                  OMS/cmsy/m/n --> OMS/lmsy/m/n on input line 24.
LaTeX Font Info:    Overwriting symbol font `largesymbols' in version `normal'
(Font)                  OMX/cmex/m/n --> OMX/lmex/m/n on input line 25.
LaTeX Font Info:    Overwriting symbol font `operators' in version `bold'
(Font)                  OT1/cmr/bx/n --> OT1/lmr/bx/n on input line 26.
LaTeX Font Info:    Overwriting symbol font `letters' in version `bold'
(Font)                  OML/cmm/b/it --> OML/lmm/b/it on input line 27.
LaTeX Font Info:    Overwriting symbol font `symbols' in version `bold'
(Font)                  OMS/cmsy/b/n --> OMS/lmsy/b/n on input line 28.
LaTeX Font Info:    Overwriting symbol font `largesymbols' in version `bold'
(Font)                  OMX/cmex/m/n --> OMX/lmex/m/n on input line 29.
LaTeX Font Info:    Overwriting math alphabet `\mathbf' in version `normal'
(Font)                  OT1/cmr/bx/n --> OT1/lmr/bx/n on input line 31.
LaTeX Font Info:    Overwriting math alphabet `\mathsf' in version `normal'
(Font)                  OT1/cmss/m/n --> OT1/lmss/m/n on input line 32.
LaTeX Font Info:    Overwriting math alphabet `\mathit' in version `normal'
(Font)                  OT1/cmr/m/it --> OT1/lmr/m/it on input line 33.
LaTeX Font Info:    Overwriting math alphabet `\mathtt' in version `normal'
(Font)                  OT1/cmtt/m/n --> OT1/lmtt/m/n on input line 34.
LaTeX Font Info:    Overwriting math alphabet `\mathbf' in version `bold'
(Font)                  OT1/cmr/bx/n --> OT1/lmr/bx/n on input line 35.
LaTeX Font Info:    Overwriting math alphabet `\mathsf' in version `bold'
(Font)                  OT1/cmss/bx/n --> OT1/lmss/bx/n on input line 36.
LaTeX Font Info:    Overwriting math alphabet `\mathit' in version `bold'
(Font)                  OT1/cmr/bx/it --> OT1/lmr/bx/it on input line 37.
LaTeX Font Info:    Overwriting math alphabet `\mathtt' in version `bold'
(Font)                  OT1/cmtt/m/n --> OT1/lmtt/m/n on input line 38.
)
(/usr/share/texmf-dist/tex/latex/base/fontenc.sty
Package: fontenc 2018/08/11 v2.0j Standard LaTeX package

(/usr/share/texmf-dist/tex/latex/base/t1enc.def
File: t1enc.def 2018/08/11 v2.0j Standard LaTeX file
LaTeX Font Info:    Redeclaring font encoding T1 on input line 48.
))
(/usr/share/texmf-dist/tex/latex/titlesec/titlesec.sty
Package: titlesec 2019/10/16 v2.13 Sectioning titles
\ttl@box=\box27
\beforetitleunit=\skip43
\aftertitleunit=\skip44
\ttl@plus=\dimen112
\ttl@minus=\dimen113
\ttl@toksa=\toks16
\titlewidth=\dimen114
\titlewidthlast=\dimen115
\titlewidthfirst=\dimen116
)
(/usr/share/texmf-dist/tex/latex/base/alltt.sty
Package: alltt 1997/06/16 v2.0g defines alltt environment
)
(/usr/share/texmf-dist/tex/latex/base/t1enc.sty
Package: t1enc 1994/06/01 Standard LaTeX package
)
(/usr/share/texmf-dist/tex/generic/babel/babel.sty
Package: babel 2019/10/15 3.35 The Babel package

(/usr/share/texmf-dist/tex/generic/babel/switch.def
File: switch.def 2019/10/15 3.35 Babel switching mechanism
)
(/usr/share/texmf-dist/tex/generic/babel-hungarian/magyar.ldf
Language: magyar 2019/01/14 v1.5c Magyar (Hungarian) support for babel

(/usr/share/texmf-dist/tex/generic/babel/babel.def
File: babel.def 2019/10/15 3.35 Babel common definitions
\babel@savecnt=\count91
\U@D=\dimen117

(/usr/share/texmf-dist/tex/generic/babel/txtbabel.def)
\bbl@dirlevel=\count92
)
\c@enumv=\count93
Package babel Info: Making ; an active character on input line 2791.
Package babel Info: Making ! an active character on input line 2793.
Package babel Info: Making ? an active character on input line 2799.
Package babel Info: Making : an active character on input line 2801.
Package babel Info: Making ` an active character on input line 2819.
\c@footnote@add=\count94
\c@footnote@ch=\count95
))
(/usr/share/texmf-dist/tex/latex/base/inputenc.sty
Package: inputenc 2018/08/11 v1.3c Input encoding file
\inpenc@prehook=\toks17
\inpenc@posthook=\toks18
)
(/usr/share/texmf-dist/tex/latex/paralist/paralist.sty
Package: paralist 2017/01/22 v2.7 Extended list environments
\pltopsep=\skip45
\plpartopsep=\skip46
\plitemsep=\skip47
\plparsep=\skip48
\pl@lab=\toks19
)
(/usr/share/texmf-dist/tex/latex/graphics/graphicx.sty
Package: graphicx 2017/06/01 v1.1a Enhanced LaTeX Graphics (DPC,SPQR)

(/usr/share/texmf-dist/tex/latex/graphics/graphics.sty
Package: graphics 2019/10/08 v1.3c Standard LaTeX Graphics (DPC,SPQR)

(/usr/share/texmf-dist/tex/latex/graphics/trig.sty
Package: trig 2016/01/03 v1.10 sin cos tan (DPC)
)
(/usr/share/texmf-dist/tex/latex/graphics-cfg/graphics.cfg
File: graphics.cfg 2016/06/04 v1.11 sample graphics configuration
)
Package graphics Info: Driver file: pdftex.def on input line 105.

(/usr/share/texmf-dist/tex/latex/graphics-def/pdftex.def
File: pdftex.def 2018/01/08 v1.0l Graphics/color driver for pdftex
))
\Gin@req@height=\dimen118
\Gin@req@width=\dimen119
)
(/usr/share/texmf-dist/tex/latex/hyperref/hyperref.sty
Package: hyperref 2019/09/28 v7.00a Hypertext links for LaTeX

(/usr/share/texmf-dist/tex/generic/oberdiek/hobsub-hyperref.sty
Package: hobsub-hyperref 2016/05/16 v1.14 Bundle oberdiek, subset hyperref (HO)


(/usr/share/texmf-dist/tex/generic/oberdiek/hobsub-generic.sty
Package: hobsub-generic 2016/05/16 v1.14 Bundle oberdiek, subset generic (HO)
Package: hobsub 2016/05/16 v1.14 Construct package bundles (HO)
Package: infwarerr 2016/05/16 v1.4 Providing info/warning/error messages (HO)
Package: ltxcmds 2016/05/16 v1.23 LaTeX kernel commands for general use (HO)
Package: ifluatex 2016/05/16 v1.4 Provides the ifluatex switch (HO)
Package ifluatex Info: LuaTeX not detected.
Package hobsub Info: Skipping package `ifvtex' (already loaded).
Package: intcalc 2016/05/16 v1.2 Expandable calculations with integers (HO)
Package hobsub Info: Skipping package `ifpdf' (already loaded).
Package: etexcmds 2016/05/16 v1.6 Avoid name clashes with e-TeX commands (HO)
Package: kvsetkeys 2016/05/16 v1.17 Key value parser (HO)
Package: kvdefinekeys 2016/05/16 v1.4 Define keys (HO)
Package: pdftexcmds 2019/07/25 v0.30 Utility functions of pdfTeX for LuaTeX (HO
)
Package pdftexcmds Info: LuaTeX not detected.
Package pdftexcmds Info: \pdf@primitive is available.
Package pdftexcmds Info: \pdf@ifprimitive is available.
Package pdftexcmds Info: \pdfdraftmode found.
Package: pdfescape 2016/05/16 v1.14 Implements pdfTeX's escape features (HO)
Package: bigintcalc 2016/05/16 v1.4 Expandable calculations on big integers (HO
)
Package: bitset 2016/05/16 v1.2 Handle bit-vector datatype (HO)
Package: uniquecounter 2016/05/16 v1.3 Provide unlimited unique counter (HO)
)
Package hobsub Info: Skipping package `hobsub' (already loaded).
Package: letltxmacro 2016/05/16 v1.5 Let assignment for LaTeX macros (HO)
Package: hopatch 2016/05/16 v1.3 Wrapper for package hooks (HO)
Package: xcolor-patch 2016/05/16 xcolor patch
Package: atveryend 2016/05/16 v1.9 Hooks at the very end of document (HO)
Package atveryend Info: \enddocument detected (standard20110627).
Package: atbegshi 2016/06/09 v1.18 At begin shipout hook (HO)
Package: refcount 2016/05/16 v3.5 Data extraction from label references (HO)
Package: hycolor 2016/05/16 v1.8 Color options for hyperref/bookmark (HO)
)
(/usr/share/texmf-dist/tex/latex/oberdiek/auxhook.sty
Package: auxhook 2016/05/16 v1.4 Hooks for auxiliary files (HO)
)
(/usr/share/texmf-dist/tex/latex/oberdiek/kvoptions.sty
Package: kvoptions 2016/05/16 v3.12 Key value format for package options (HO)
)
\@linkdim=\dimen120
\Hy@linkcounter=\count96
\Hy@pagecounter=\count97

(/usr/share/texmf-dist/tex/latex/hyperref/pd1enc.def
File: pd1enc.def 2019/09/28 v7.00a Hyperref: PDFDocEncoding definition (HO)
Now handling font encoding PD1 ...
... no UTF-8 mapping file for font encoding PD1
)
\Hy@SavedSpaceFactor=\count98

(/usr/share/texmf-dist/tex/latex/latexconfig/hyperref.cfg
File: hyperref.cfg 2002/06/06 v1.2 hyperref configuration of TeXLive
)
Package hyperref Info: Option `unicode' set `true' on input line 4414.

(/usr/share/texmf-dist/tex/latex/hyperref/puenc.def
File: puenc.def 2019/09/28 v7.00a Hyperref: PDF Unicode definition (HO)
Now handling font encoding PU ...
... no UTF-8 mapping file for font encoding PU
)
Package hyperref Info: Hyper figures OFF on input line 4540.
Package hyperref Info: Link nesting OFF on input line 4545.
Package hyperref Info: Hyper index ON on input line 4548.
Package hyperref Info: Plain pages OFF on input line 4555.
Package hyperref Info: Backreferencing OFF on input line 4560.
Package hyperref Info: Implicit mode ON; LaTeX internals redefined.
Package hyperref Info: Bookmarks ON on input line 4793.
\c@Hy@tempcnt=\count99

(/usr/share/texmf-dist/tex/latex/url/url.sty
\Urlmuskip=\muskip10
Package: url 2013/09/16  ver 3.4  Verb mode for urls, etc.
)
LaTeX Info: Redefining \url on input line 5152.
\XeTeXLinkMargin=\dimen121
\Fld@menulength=\count100
\Field@Width=\dimen122
\Fld@charsize=\dimen123
Package hyperref Info: Hyper figures OFF on input line 6423.
Package hyperref Info: Link nesting OFF on input line 6428.
Package hyperref Info: Hyper index ON on input line 6431.
Package hyperref Info: backreferencing OFF on input line 6438.
Package hyperref Info: Link coloring OFF on input line 6443.
Package hyperref Info: Link coloring with OCG OFF on input line 6448.
Package hyperref Info: PDF/A mode OFF on input line 6453.
LaTeX Info: Redefining \ref on input line 6493.
LaTeX Info: Redefining \pageref on input line 6497.
\Hy@abspage=\count101
\c@Item=\count102
\c@Hfootnote=\count103
)
Package hyperref Info: Driver (autodetected): hpdftex.

(/usr/share/texmf-dist/tex/latex/hyperref/hpdftex.def
File: hpdftex.def 2019/09/28 v7.00a Hyperref driver for pdfTeX
\Fld@listcount=\count104
\c@bookmark@seq@number=\count105

(/usr/share/texmf-dist/tex/latex/oberdiek/rerunfilecheck.sty
Package: rerunfilecheck 2016/05/16 v1.8 Rerun checks for auxiliary files (HO)
Package uniquecounter Info: New unique counter `rerunfilecheck' on input line 2
82.
)
\Hy@SectionHShift=\skip49
)
Package hyperref Info: Option `colorlinks' set `true' on input line 55.
 (./kerdesek.aux)
\openout1 = `kerdesek.aux'.

LaTeX Font Info:    Checking defaults for OML/cmm/m/it on input line 59.
LaTeX Font Info:    ... okay on input line 59.
LaTeX Font Info:    Checking defaults for T1/cmr/m/n on input line 59.
LaTeX Font Info:    ... okay on input line 59.
LaTeX Font Info:    Checking defaults for OT1/cmr/m/n on input line 59.
LaTeX Font Info:    ... okay on input line 59.
LaTeX Font Info:    Checking defaults for OMS/cmsy/m/n on input line 59.
LaTeX Font Info:    ... okay on input line 59.
LaTeX Font Info:    Checking defaults for OMX/cmex/m/n on input line 59.
LaTeX Font Info:    ... okay on input line 59.
LaTeX Font Info:    Checking defaults for U/cmr/m/n on input line 59.
LaTeX Font Info:    ... okay on input line 59.
LaTeX Font Info:    Checking defaults for PD1/pdf/m/n on input line 59.
LaTeX Font Info:    ... okay on input line 59.
LaTeX Font Info:    Checking defaults for PU/pdf/m/n on input line 59.
LaTeX Font Info:    ... okay on input line 59.
LaTeX Font Info:    Trying to load font information for T1+lmss on input line 5
9.
(/usr/share/texmf-dist/tex/latex/lm/t1lmss.fd
File: t1lmss.fd 2009/10/30 v1.6 Font defs for Latin Modern
)
*geometry* driver: auto-detecting
*geometry* detected driver: pdftex
*geometry* verbose mode - [ preamble ] result:
* driver: pdftex
* paper: a4paper
* layout: <same size as paper>
* layoutoffset:(h,v)=(0.0pt,0.0pt)
* modes: 
* h-part:(L,W,R)=(89.62709pt, 418.25368pt, 89.6271pt)
* v-part:(T,H,B)=(101.40665pt, 591.5302pt, 152.11pt)
* \paperwidth=597.50787pt
* \paperheight=845.04684pt
* \textwidth=486.54012pt
* \textheight=676.88846pt
* \oddsidemargin=-16.78612pt
* \evensidemargin=-16.78612pt
* \topmargin=-52.54247pt
* \headheight=14.0pt
* \headsep=25.0pt
* \topskip=14.0pt
* \footskip=30.0pt
* \marginparwidth=4.0pt
* \marginparsep=10.0pt
* \columnsep=10.0pt
* \skip\footins=12.0pt plus 4.0pt minus 2.0pt
* \hoffset=0.0pt
* \voffset=0.0pt
* \mag=1000
* \@twocolumntrue
* \@twosidefalse
* \@mparswitchfalse
* \@reversemarginfalse
* (1in=72.27pt=25.4mm, 1cm=28.453pt)

(/usr/share/texmf-dist/tex/context/base/mkii/supp-pdf.mkii
[Loading MPS to PDF converter (version 2006.09.02).]
\scratchcounter=\count106
\scratchdimen=\dimen124
\scratchbox=\box28
\nofMPsegments=\count107
\nofMParguments=\count108
\everyMPshowfont=\toks20
\MPscratchCnt=\count109
\MPscratchDim=\dimen125
\MPnumerator=\count110
\makeMPintoPDFobject=\count111
\everyMPtoPDFconversion=\toks21
) (/usr/share/texmf-dist/tex/latex/oberdiek/epstopdf-base.sty
Package: epstopdf-base 2016/05/15 v2.6 Base part for package epstopdf

(/usr/share/texmf-dist/tex/latex/oberdiek/grfext.sty
Package: grfext 2016/05/16 v1.2 Manage graphics extensions (HO)
)
Package epstopdf-base Info: Redefining graphics rule for `.eps' on input line 4
38.
Package grfext Info: Graphics extension search list:
(grfext)             [.pdf,.png,.jpg,.mps,.jpeg,.jbig2,.jb2,.PDF,.PNG,.JPG,.JPE
G,.JBIG2,.JB2,.eps]
(grfext)             \AppendGraphicsExtensions on input line 456.

(/usr/share/texmf-dist/tex/latex/latexconfig/epstopdf-sys.cfg
File: epstopdf-sys.cfg 2010/07/13 v1.3 Configuration of (r)epstopdf for TeX Liv
e
))
\AtBeginShipoutBox=\box29

(/usr/share/texmf-dist/tex/latex/graphics/color.sty
Package: color 2016/07/10 v1.1e Standard LaTeX Color (DPC)

(/usr/share/texmf-dist/tex/latex/graphics-cfg/color.cfg
File: color.cfg 2016/01/02 v1.6 sample color configuration
)
Package color Info: Driver file: pdftex.def on input line 147.
)
Package hyperref Info: Link coloring ON on input line 59.

(/usr/share/texmf-dist/tex/latex/hyperref/nameref.sty
Package: nameref 2019/09/16 v2.46 Cross-referencing by name of section

(/usr/share/texmf-dist/tex/generic/oberdiek/gettitlestring.sty
Package: gettitlestring 2016/05/16 v1.5 Cleanup title references (HO)
)
\c@section@level=\count112
)
LaTeX Info: Redefining \ref on input line 59.
LaTeX Info: Redefining \pageref on input line 59.
LaTeX Info: Redefining \nameref on input line 59.

(./kerdesek.out) (./kerdesek.out)
\@outlinefile=\write3
\openout3 = `kerdesek.out'.

 (./title.tex [1


{/var/lib/texmf/fonts/map/pdftex/updmap/pdftex.map}]) (./kerdesek.toc
LaTeX Font Info:    Trying to load font information for OT1+lmr on input line 3
.

(/usr/share/texmf-dist/tex/latex/lm/ot1lmr.fd
File: ot1lmr.fd 2009/10/30 v1.6 Font defs for Latin Modern
)
LaTeX Font Info:    Trying to load font information for OML+lmm on input line 3
.

(/usr/share/texmf-dist/tex/latex/lm/omllmm.fd
File: omllmm.fd 2009/10/30 v1.6 Font defs for Latin Modern
)
LaTeX Font Info:    Trying to load font information for OMS+lmsy on input line 
3.

(/usr/share/texmf-dist/tex/latex/lm/omslmsy.fd
File: omslmsy.fd 2009/10/30 v1.6 Font defs for Latin Modern
)
LaTeX Font Info:    Trying to load font information for OMX+lmex on input line 
3.

(/usr/share/texmf-dist/tex/latex/lm/omxlmex.fd
File: omxlmex.fd 2009/10/30 v1.6 Font defs for Latin Modern
)
LaTeX Font Info:    External font `lmex10' loaded for size
(Font)              <14.4> on input line 3.
LaTeX Font Info:    External font `lmex10' loaded for size
(Font)              <10> on input line 3.
LaTeX Font Info:    External font `lmex10' loaded for size
(Font)              <7> on input line 3.
pdfTeX warning (ext4): destination with the same identifier (name{page.1}) has 
been already used, duplicate ignored
<to be read again> 
                   \relax 
l.37 ...e {3.5}Build pipeline}{13}{subsection.3.5}
                                                  % [1] [2])
\tf@toc=\write4
\openout4 = `kerdesek.toc'.

 [3] [4

]
Underfull \hbox (badness 1509) in paragraph at lines 76--77
\T1/lmss/m/n/14.4 or-szá-gon b¶n-cse-lek-mény (de leg-
 []

LaTeX Font Info:    Trying to load font information for OMS+lmss on input line 
87.
LaTeX Font Info:    No file OMSlmss.fd. on input line 87.

LaTeX Font Warning: Font shape `OMS/lmss/m/n' undefined
(Font)              using `OMS/cmsy/m/n' instead
(Font)              for symbol `textbullet' on input line 87.

<./images/tamadasfa.png, id=505, 902.37125pt x 631.35875pt>
File: ./images/tamadasfa.png Graphic file (type png)
<use ./images/tamadasfa.png>
Package pdftex.def Info: ./images/tamadasfa.png  used on input line 104.
(pdftex.def)             Requested size: 284.52756pt x 199.07173pt.

Overfull \hbox (74.45718pt too wide) in paragraph at lines 104--105
 [] 
 []


Underfull \hbox (badness 6575) in paragraph at lines 129--130
[]\T1/lmss/m/n/14.4 Helyreállítási költ-ség adat-vesz-tés
 []

[5 <./images/tamadasfa.png>]
Underfull \hbox (badness 8056) in paragraph at lines 170--170
|[]\T1/lmss/bx/n/17.28 A biz-ton-sá-gi tesz-te-lés
 []

[6]
Underfull \hbox (badness 10000) in paragraph at lines 182--182
|[]\T1/lmss/bx/n/17.28 Tesztelés kö-ve-tel-mény-
 []


Underfull \hbox (badness 2970) in paragraph at lines 185--185
[]\T1/lmss/m/n/14.4 felhasználói cso-por-to-kat és azok
 []


Underfull \hbox (badness 1694) in paragraph at lines 185--186
[]\T1/lmss/m/n/14.4 adattípusokat azo-no-no-sí-ta-ni és a
 []


Underfull \hbox (badness 1817) in paragraph at lines 190--190
[] []\T1/lmss/bx/n/14.4 Biz-ton-sá-gi kö-ve-tel-mé-nyek-nek va-ló
 []


Underfull \hbox (badness 1365) in paragraph at lines 190--191
[]\T1/lmss/m/n/14.4 Biztonsági kö-ve-tel-mé-nye-ket do-ku-
 []

[7]
Underfull \hbox (badness 3930) in paragraph at lines 229--232
[]\T1/lmss/m/n/14.4 Funkcionális biz-ton-sá-gi el-len-®r-zé-
 []


Underfull \vbox (badness 2111) has occurred while \output is active []


Underfull \hbox (badness 1137) in paragraph at lines 251--252
\T1/lmss/m/n/14.4 ni-má-li-san szük-sé-ges jo-gok-kal
 []


Underfull \hbox (badness 10000) in paragraph at lines 283--283
|[]\T1/lmss/bx/n/17.28 Komponens fej-lesz-tés
 []


Underfull \vbox (badness 10000) has occurred while \output is active []

 [8]
Underfull \hbox (badness 10000) in paragraph at lines 299--300
[]\T1/lmss/m/n/14.4 Ugyanakkor a kom-po-nen-sek-ben
 []


Underfull \hbox (badness 2181) in paragraph at lines 299--300
\T1/lmss/m/n/14.4 tö-m®d-het-nek hogy az-tán ké-söbb
 []


Underfull \hbox (badness 1831) in paragraph at lines 307--308
\T1/lmss/m/n/14.4 ®r-zé-se és fut-ta-tá-sa, va-la-mint az
 []


Underfull \hbox (badness 3547) in paragraph at lines 317--317
|[]\T1/lmss/bx/n/17.28 Min®ségbiztosítás, Mi-
 []


Underfull \hbox (badness 4036) in paragraph at lines 324--325
[] []\T1/lmss/bx/n/14.4 Mi-n®-ség-el-len-®r-zés[] \T1/lmss/m/n/14.4 tesz-tek fu
t-ta-tá-sa
 []

[9]
<./images/pq.png, id=530, 1054.94125pt x 625.33624pt>
File: ./images/pq.png Graphic file (type png)
<use ./images/pq.png>
Package pdftex.def Info: ./images/pq.png  used on input line 329.
(pdftex.def)             Requested size: 512.1496pt x 303.58351pt.

Overfull \hbox (25.60948pt too wide) in paragraph at lines 329--330
 [] 
 []

[10

 <./images/pq.png>]
<./images/ci1.png, id=536, 595.22375pt x 440.64626pt>
File: ./images/ci1.png Graphic file (type png)
<use ./images/ci1.png>
Package pdftex.def Info: ./images/ci1.png  used on input line 337.
(pdftex.def)             Requested size: 199.16928pt x 147.44426pt.

Underfull \hbox (badness 1024) in paragraph at lines 346--347
[]\T1/lmss/m/n/14.4 shortening the feed-back lo-op for
 []


Underfull \hbox (badness 2343) in paragraph at lines 352--353
[]\T1/lmss/m/n/14.4 mock en-vi-ron-ments with Do-c-ker
 []

[11

 <./images/ci1.png>]
<./images/ciWhole.png, id=542, 1185.42876pt x 725.71124pt>
File: ./images/ciWhole.png Graphic file (type png)
<use ./images/ciWhole.png>
Package pdftex.def Info: ./images/ciWhole.png  used on input line 368.
(pdftex.def)             Requested size: 455.24408pt x 278.69653pt.
<./images/cdcd.png, id=543, 1125.20375pt x 370.38374pt>
File: ./images/cdcd.png Graphic file (type png)
<use ./images/cdcd.png>
Package pdftex.def Info: ./images/cdcd.png  used on input line 371.
(pdftex.def)             Requested size: 455.24408pt x 149.85199pt.
 [12

 <./images/ciWhole.png> <./images/cdcd.png>]
<./images/bpl.png, id=551, 1022.82124pt x 581.17125pt>
File: ./images/bpl.png Graphic file (type png)
<use ./images/bpl.png>
Package pdftex.def Info: ./images/bpl.png  used on input line 408.
(pdftex.def)             Requested size: 455.24408pt x 258.66916pt.
<./images/fd.png, id=552, 1066.98625pt x 559.08875pt>
File: ./images/fd.png Graphic file (type png)
<use ./images/fd.png>
Package pdftex.def Info: ./images/fd.png  used on input line 412.
(pdftex.def)             Requested size: 455.24408pt x 238.54372pt.

Underfull \vbox (badness 5893) has occurred while \output is active []

 [13 <./images/bpl.png>] [14 <./images/fd.png>]
Underfull \hbox (badness 1168) in paragraph at lines 423--424
[]\T1/lmss/m/n/14.4 uncompleted fea-tu-res hid-den
 []

<./images/rev.png, id=564, 1161.33875pt x 804.00375pt>
File: ./images/rev.png Graphic file (type png)
<use ./images/rev.png>
Package pdftex.def Info: ./images/rev.png  used on input line 468.
(pdftex.def)             Requested size: 256.0748pt x 177.27396pt.

Overfull \hbox (17.80475pt too wide) in paragraph at lines 468--469
 [] 
 []

[15

 <./images/rev.png>]
Underfull \hbox (badness 3019) in paragraph at lines 479--479
|[]\T1/lmss/bx/n/17.28 Notifications on build
 []


Underfull \hbox (badness 7468) in paragraph at lines 489--490
[]\T1/lmss/m/n/14.4 Collerating er-rors to co-de
 []


Underfull \hbox (badness 10000) in paragraph at lines 517--518
[] []\T1/lmss/bx/n/14.4 De-pen-dency ma-nag-ement[] \T1/lmss/m/n/14.4 de-pen-
 []

[16]
Underfull \hbox (badness 1248) in paragraph at lines 535--536
[]\T1/lmss/m/n/14.4 Bringing to-get-her pi-e-ces of yo-ur
 []

[17]
Underfull \hbox (badness 4013) in paragraph at lines 602--602
|[]\T1/lmss/bx/n/17.28 Does TDD work for
 []

[18]
Underfull \hbox (badness 5533) in paragraph at lines 627--627
|[]\T1/lmss/bx/n/17.28 Mock Ob-ject Fra-me-
 []

[19

]
<./images/cc.png, id=588, 1193.45876pt x 468.75125pt>
File: ./images/cc.png Graphic file (type png)
<use ./images/cc.png>
Package pdftex.def Info: ./images/cc.png  used on input line 641.
(pdftex.def)             Requested size: 512.1496pt x 201.1514pt.

Overfull \hbox (25.60948pt too wide) in paragraph at lines 641--642
 [] 
 []

[20

 <./images/cc.png>]
<./images/pi.png, id=594, 625.33624pt x 514.92375pt>
File: ./images/pi.png Graphic file (type png)
<use ./images/pi.png>
Package pdftex.def Info: ./images/pi.png  used on input line 668.
(pdftex.def)             Requested size: 227.62204pt x 187.43095pt.
 [21

 <./images/pi.png>]
<./images/ex1.png, id=600, 1566.85374pt x 1141.26375pt>
File: ./images/ex1.png Graphic file (type png)
<use ./images/ex1.png>
Package pdftex.def Info: ./images/ex1.png  used on input line 700.
(pdftex.def)             Requested size: 569.05511pt x 414.49422pt.

Overfull \hbox (82.515pt too wide) in paragraph at lines 700--701
 [] 
 []

<./images/fp.png, id=601, 1596.96625pt x 1101.11375pt>
File: ./images/fp.png Graphic file (type png)
<use ./images/fp.png>
Package pdftex.def Info: ./images/fp.png  used on input line 704.
(pdftex.def)             Requested size: 540.60236pt x 372.74397pt.

Overfull \hbox (54.06224pt too wide) in paragraph at lines 704--705
 [] 
 []


Underfull \vbox (badness 10000) has occurred while \output is active []

 [22

 <./images/ex1.png>]
Package atveryend Info: Empty hook `BeforeClearDocument' on input line 710.
 [23 <./images/fp.png>]
Package atveryend Info: Empty hook `AfterLastShipout' on input line 710.
 (./kerdesek.aux)
Package atveryend Info: Executing hook `AtVeryEndDocument' on input line 710.
Package atveryend Info: Executing hook `AtEndAfterFileList' on input line 710.
Package rerunfilecheck Info: File `kerdesek.out' has not changed.
(rerunfilecheck)             Checksum: 1FD9FCBAECD1DAD587ECA7701341D64E;15479.


LaTeX Font Warning: Some font shapes were not available, defaults substituted.

Package atveryend Info: Empty hook `AtVeryVeryEnd' on input line 710.
 ) 
Here is how much of TeX's memory you used:
 11337 strings out of 492167
 165598 string characters out of 6131559
 264090 words of memory out of 5000000
 15480 multiletter control sequences out of 15000+600000
 40994 words of font info for 36 fonts, out of 8000000 for 9000
 1141 hyphenation exceptions out of 8191
 31i,6n,39p,408b,673s stack positions out of 5000i,500n,10000p,200000b,80000s
{/usr/share/texmf-dist/fonts/enc/dvips/lm/lm-mathsy.enc}{/usr/share/texmf-dis
t/fonts/enc/dvips/lm/lm-ec.enc}</usr/share/texmf-dist/fonts/type1/public/amsfon
ts/cm/cmsy8.pfb></usr/share/texmf-dist/fonts/type1/public/lm/lmss12.pfb></usr/s
hare/texmf-dist/fonts/type1/public/lm/lmss17.pfb></usr/share/texmf-dist/fonts/t
ype1/public/lm/lmssbx10.pfb></usr/share/texmf-dist/fonts/type1/public/lm/lmsy10
.pfb>
Output written on kerdesek.pdf (24 pages, 3487985 bytes).
PDF statistics:
 660 PDF objects out of 1000 (max. 8388607)
 599 compressed objects within 6 object streams
 119 named destinations out of 1000 (max. 500000)
 821 words of extra memory for PDF output out of 10000 (max. 10000000)

