\BOOKMARK [1][-]{section.1}{\376\377\000T\000T\000C\000N}{}% 1
\BOOKMARK [1][-]{section.2}{\376\377\000T\000e\000s\000z\000t\000e\000l\000\351\000s\000\040\000m\000i\000n\001\121\000s\000\351\000g\000b\000i\000z\000t\000o\000s\000\355\000t\000\341\000s\000\040\000\351\000s\000\040\000a\000d\000a\000t\000b\000i\000z\000t\000o\000n\000s\000\341\000g\000\040\000s\000z\000e\000m\000p\000o\000n\000t\000b\000\363\000l}{}% 2
\BOOKMARK [2][-]{subsection.2.1}{\376\377\000F\000o\000g\000a\000l\000m\000a\000k}{section.2}% 3
\BOOKMARK [3][-]{subsubsection*.1}{\376\377\000E\000t\000i\000k\000u\000s\000\040\000h\000a\000c\000k\000e\000r}{subsection.2.1}% 4
\BOOKMARK [3][-]{subsubsection*.2}{\376\377\000K\000o\000c\000k\000\341\000z\000a\000t}{subsection.2.1}% 5
\BOOKMARK [3][-]{subsubsection*.3}{\376\377\000K\000o\000c\000k\000\341\000z\000a\000t\000e\000l\000e\000m\000z\000\351\000s\000\040\000e\000g\000y\000\040\000m\000\363\000d\000s\000z\000e\000r\000e\000\040\000a\000\040\000t\000\341\000m\000a\000d\000\341\000s\000-\000f\000a\000\040\000e\000l\000e\000m\000z\000\351\000s}{subsection.2.1}% 6
\BOOKMARK [3][-]{subsubsection*.4}{\376\377\000V\000a\000g\000y\000o\000n}{subsection.2.1}% 7
\BOOKMARK [3][-]{subsubsection*.5}{\376\377\000V\000a\000g\000y\000o\000n\000\040\000\351\000r\000t\000\351\000k\000e}{subsection.2.1}% 8
\BOOKMARK [2][-]{subsection.2.2}{\376\377\000A\000d\000a\000t\000o\000k\000h\000o\000z\000\040\000v\000a\000l\000\363\000\040\000h\000o\000z\000z\000\341\000f\000\351\000r\000\351\000s\000\040\000\351\000s\000\040\000b\000i\000z\000t\000o\000n\000s\000\341\000g}{section.2}% 9
\BOOKMARK [2][-]{subsection.2.3}{\376\377\000K\000o\000c\000k\000\341\000z\000a\000t\000o\000k}{section.2}% 10
\BOOKMARK [2][-]{subsection.2.4}{\376\377\000A\000\040\000b\000i\000z\000t\000o\000n\000s\000\341\000g\000i\000\040\000t\000e\000s\000z\000t\000e\000l\000\351\000s\000\040\000s\000z\000e\000r\000e\000p\000e\000\040\000a\000\040\000s\000o\000f\000t\000w\000a\000r\000e\000\040\000\351\000l\000e\000t\000c\000i\000k\000l\000u\000s\000b\000a\000n}{section.2}% 11
\BOOKMARK [2][-]{subsection.2.5}{\376\377\000T\000e\000s\000z\000t\000e\000l\000\351\000s\000\040\000k\000\366\000v\000e\000t\000e\000l\000m\000\351\000n\000y\000f\000e\000l\000m\000\351\000r\000\351\000s\000e}{section.2}% 12
\BOOKMARK [3][-]{subsubsection*.6}{\376\377\000A\000d\000a\000t\000v\000\351\000d\000e\000l\000m\000i\000\040\000i\000g\000\351\000n\000y\000e\000k}{subsection.2.5}% 13
\BOOKMARK [3][-]{subsubsection*.7}{\376\377\000B\000i\000z\000t\000o\000n\000s\000\341\000g\000i\000\040\000k\000\366\000v\000e\000t\000e\000l\000m\000\351\000n\000y\000e\000k\000n\000e\000k\000\040\000v\000a\000l\000\363\000\040\000m\000e\000g\000f\000e\000l\000e\000l\000\351\000s}{subsection.2.5}% 14
\BOOKMARK [3][-]{subsubsection*.8}{\376\377\000G\000y\000a\000k\000o\000r\000i\000\040\000s\000\351\000r\000\374\000l\000\351\000k\000e\000n\000y\000s\000\351\000g\000e\000k}{subsection.2.5}% 15
\BOOKMARK [3][-]{subsubsection*.9}{\376\377\000T\000e\000s\000z\000t\000e\000l\000h\000e\000t\001\121\000s\000\351\000g}{subsection.2.5}% 16
\BOOKMARK [3][-]{subsubsection*.10}{\376\377\000H\000a\000s\000z\000n\000\341\000l\000h\000a\000t\000\363\000s\000\341\000g}{subsection.2.5}% 17
\BOOKMARK [3][-]{subsubsection*.11}{\376\377\000T\000e\000l\000j\000e\000s\000\355\000t\000m\000\351\000n\000y}{subsection.2.5}% 18
\BOOKMARK [2][-]{subsection.2.6}{\376\377\000T\000e\000s\000z\000t\000e\000l\000\351\000s\000\040\000t\000e\000r\000v\000e\000z\000\351\000s\000e}{section.2}% 19
\BOOKMARK [2][-]{subsection.2.7}{\376\377\000T\000e\000s\000z\000t\000e\000k\000\040\000f\000e\000j\000l\000e\000s\000z\000t\000\351\000s\000e}{section.2}% 20
\BOOKMARK [2][-]{subsection.2.8}{\376\377\000K\000o\000m\000p\000o\000n\000e\000n\000s\000\040\000f\000e\000j\000l\000e\000s\000z\000t\000\351\000s\000\040\000t\000e\000s\000z\000t\000e\000l\000\351\000s\000e}{section.2}% 21
\BOOKMARK [2][-]{subsection.2.9}{\376\377\000I\000n\000t\000e\000g\000r\000\341\000c\000i\000\363\000\040\000t\000e\000s\000z\000t\000e\000l\000\351\000s\000e}{section.2}% 22
\BOOKMARK [2][-]{subsection.2.10}{\376\377\000R\000e\000n\000d\000s\000z\000e\000r\000-\000\040\000\351\000s\000\040\000e\000l\000f\000o\000g\000a\000d\000\341\000s\000i\000\040\000t\000e\000s\000z\000t}{section.2}% 23
\BOOKMARK [2][-]{subsection.2.11}{\376\377\000\334\000z\000e\000m\000e\000l\000t\000e\000t\000\351\000s\000\040\000e\000l\000l\000e\000n\001\121\000r\000z\000\351\000s\000e}{section.2}% 24
\BOOKMARK [2][-]{subsection.2.12}{\376\377\000M\000i\000n\001\121\000s\000\351\000g\000b\000i\000z\000t\000o\000s\000\355\000t\000\341\000s\000,\000\040\000M\000i\000n\001\121\000s\000\351\000g\000e\000l\000l\000e\000n\001\121\000r\000z\000\351\000s}{section.2}% 25
\BOOKMARK [3][-]{subsubsection*.12}{\376\377\000M\000i\000n\001\121\000s\000\351\000g\000b\000i\000z\000t\000o\000s\000\355\000t\000\341\000s}{subsection.2.12}% 26
\BOOKMARK [3][-]{subsubsection*.13}{\376\377\000M\000i\000n\001\121\000s\000\351\000g\000e\000l\000l\000e\000n\001\121\000r\000z\000\351\000s}{subsection.2.12}% 27
\BOOKMARK [2][-]{subsection.2.13}{\376\377\000P\000r\000o\000d\000u\000c\000t\000\040\000q\000u\000a\000l\000i\000t\000y}{section.2}% 28
\BOOKMARK [1][-]{section.3}{\376\377\000C\000o\000n\000t\000i\000n\000u\000o\000u\000s\000\040\000I\000n\000t\000e\000g\000r\000a\000t\000i\000o\000n}{}% 29
\BOOKMARK [2][-]{subsection.3.1}{\376\377\000W\000h\000a\000t\040\031\000s\000\040\000i\000n\000\040\000f\000o\000r\000\040\000t\000h\000e\000\040\000d\000e\000v\000e\000l\000o\000p\000e\000r\000?}{section.3}% 30
\BOOKMARK [2][-]{subsection.3.2}{\376\377\000F\000o\000g\000a\000l\000m\000a\000k}{section.3}% 31
\BOOKMARK [3][-]{subsubsection*.14}{\376\377\000C\000o\000n\000t\000i\000n\000u\000o\000u\000s\000\040\000i\000n\000t\000e\000g\000r\000a\000t\000i\000o\000n}{subsection.3.2}% 32
\BOOKMARK [3][-]{subsubsection*.15}{\376\377\000C\000o\000n\000t\000i\000n\000u\000o\000u\000s\000\040\000d\000e\000l\000i\000v\000e\000r\000y}{subsection.3.2}% 33
\BOOKMARK [3][-]{subsubsection*.16}{\376\377\000C\000o\000n\000t\000i\000n\000u\000o\000u\000s\000\040\000d\000e\000p\000l\000o\000y\000m\000e\000n\000t}{subsection.3.2}% 34
\BOOKMARK [2][-]{subsection.3.3}{\376\377\000\326\000s\000s\000z\000e\000h\000a\000s\000o\000n\000l\000\355\000t\000\341\000s}{section.3}% 35
\BOOKMARK [2][-]{subsection.3.4}{\376\377\000B\000e\000n\000e\000f\000i\000t\000s\000\040\000C\000I\000,\000\040\000C\000D\000i\000p}{section.3}% 36
\BOOKMARK [2][-]{subsection.3.5}{\376\377\000B\000u\000i\000l\000d\000\040\000p\000i\000p\000e\000l\000i\000n\000e}{section.3}% 37
\BOOKMARK [2][-]{subsection.3.6}{\376\377\000C\000I\000\040\000F\000l\000o\000w\000\040\000d\000i\000a\000g\000r\000a\000m}{section.3}% 38
\BOOKMARK [2][-]{subsection.3.7}{\376\377\000V\000e\000r\000s\000i\000o\000n\000\040\000c\000o\000n\000t\000r\000o\000l}{section.3}% 39
\BOOKMARK [3][-]{subsubsection*.17}{\376\377\000p\000r\000a\000c\000t\000i\000c\000e\000s}{subsection.3.7}% 40
\BOOKMARK [3][-]{subsubsection*.18}{\376\377\000B\000r\000a\000n\000c\000h\000i\000n\000g}{subsection.3.7}% 41
\BOOKMARK [2][-]{subsection.3.8}{\376\377\000C\000I\000\040\000p\000r\000i\000n\000c\000i\000p\000l\000e\000s\000\040\000a\000n\000d\000\040\000p\000r\000a\000c\000t\000i\000c\000e\000s}{section.3}% 42
\BOOKMARK [3][-]{subsubsection*.19}{\376\377\000C\000I\000\040\000c\000u\000l\000t\000u\000r\000e}{subsection.3.8}% 43
\BOOKMARK [2][-]{subsection.3.9}{\376\377\000R\000e\000v\000i\000e\000w}{section.3}% 44
\BOOKMARK [2][-]{subsection.3.10}{\376\377\000N\000o\000t\000i\000f\000i\000c\000a\000t\000i\000o\000n\000s\000\040\000o\000n\000\040\000b\000u\000i\000l\000d\000\040\000p\000r\000o\000g\000r\000e\000s\000s}{section.3}% 45
\BOOKMARK [2][-]{subsection.3.11}{\376\377\000A\000r\000t\000i\000f\000a\000c\000t\000s}{section.3}% 46
\BOOKMARK [3][-]{subsubsection*.20}{\376\377\000R\000e\000l\000i\000a\000b\000i\000l\000i\000t\000y}{subsection.3.11}% 47
\BOOKMARK [3][-]{subsubsection*.21}{\376\377\000C\000o\000m\000p\000o\000s\000a\000b\000i\000l\000i\000t\000y}{subsection.3.11}% 48
\BOOKMARK [3][-]{subsubsection*.22}{\376\377\000S\000e\000c\000u\000r\000i\000t\000y}{subsection.3.11}% 49
\BOOKMARK [3][-]{subsubsection*.23}{\376\377\000S\000h\000a\000r\000e\000a\000b\000i\000l\000i\000t\000y}{subsection.3.11}% 50
\BOOKMARK [2][-]{subsection.3.12}{\376\377\000P\000l\000a\000n\000\040\000a\000h\000e\000a\000d}{section.3}% 51
\BOOKMARK [3][-]{subsubsection*.24}{\376\377\000P\000a\000c\000k\000a\000g\000i\000n\000g\000\040\000f\000o\000r\000m\000a\000t\000s}{subsection.3.12}% 52
\BOOKMARK [3][-]{subsubsection*.25}{\376\377\000D\000e\000p\000e\000n\000d\000e\000n\000c\000y\000\040\000m\000a\000n\000a\000g\000e\000m\000e\000n\000t}{subsection.3.12}% 53
\BOOKMARK [3][-]{subsubsection*.26}{\376\377\000A\000r\000t\000i\000f\000a\000c\000t\000\040\000r\000e\000p\000o\000s\000i\000t\000o\000r\000i\000e\000s\000\040}{subsection.3.12}% 54
\BOOKMARK [2][-]{subsection.3.13}{\376\377\000T\000e\000s\000t\000i\000n\000g\000,\000\040\000T\000y\000p\000e\000s\000\040\000o\000f\000\040\000t\000e\000s\000t\000i\000n\000g}{section.3}% 55
\BOOKMARK [3][-]{subsubsection*.27}{\376\377\000U\000n\000i\000t\000\040\000t\000e\000s\000t\000i\000n\000g}{subsection.3.13}% 56
\BOOKMARK [3][-]{subsubsection*.28}{\376\377\000I\000n\000t\000e\000g\000r\000a\000t\000i\000o\000n\000\040\000t\000e\000s\000t\000i\000n\000g}{subsection.3.13}% 57
\BOOKMARK [3][-]{subsubsection*.29}{\376\377\000E\000n\000d\000-\000t\000o\000-\000e\000n\000d\000\040\000\050\000E\0002\000E\000\051\000\040\000t\000e\000s\000t\000i\000n\000g}{subsection.3.13}% 58
\BOOKMARK [3][-]{subsubsection*.30}{\376\377\000S\000e\000c\000u\000r\000i\000t\000y\000\040\000t\000e\000s\000t\000i\000n\000g}{subsection.3.13}% 59
\BOOKMARK [3][-]{subsubsection*.31}{\376\377\000P\000e\000r\000f\000o\000r\000m\000a\000n\000c\000e\000\040\000t\000e\000s\000t\000s}{subsection.3.13}% 60
\BOOKMARK [3][-]{subsubsection*.32}{\376\377\000S\000y\000s\000t\000e\000m\000\040\000t\000e\000s\000t\000s\000\040}{subsection.3.13}% 61
\BOOKMARK [3][-]{subsubsection*.33}{\376\377\000A\000c\000c\000e\000p\000t\000a\000n\000c\000e\000\040\000t\000e\000s\000t\000s\000\040}{subsection.3.13}% 62
\BOOKMARK [3][-]{subsubsection*.34}{\376\377\000V\000a\000l\000i\000d\000a\000t\000i\000o\000n\000\040\000t\000e\000s\000t\000s}{subsection.3.13}% 63
\BOOKMARK [2][-]{subsection.3.14}{\376\377\000T\000e\000r\000m\000i\000n\000o\000l\000o\000g\000y}{section.3}% 64
\BOOKMARK [3][-]{subsubsection*.35}{\376\377\000S\000h\000i\000f\000t\000\040\000l\000e\000f\000t}{subsection.3.14}% 65
\BOOKMARK [3][-]{subsubsection*.36}{\376\377\000T\000e\000s\000t\000\040\000f\000i\000x\000t\000u\000r\000e\000s}{subsection.3.14}% 66
\BOOKMARK [3][-]{subsubsection*.37}{\376\377\000S\000y\000s\000t\000e\000m\000\040\000u\000n\000d\000e\000r\000\040\000t\000e\000s\000t\000\040\000\050\000S\000U\000T\000\051}{subsection.3.14}% 67
\BOOKMARK [3][-]{subsubsection*.38}{\376\377\000C\000y\000c\000l\000e\000\040\000t\000i\000m\000e}{subsection.3.14}% 68
\BOOKMARK [3][-]{subsubsection*.39}{\376\377\000L\000e\000a\000d\000\040\000t\000i\000m\000e\000\040}{subsection.3.14}% 69
\BOOKMARK [3][-]{subsubsection*.40}{\376\377\000M\000o\000c\000k\000i\000n\000g\000\040\000o\000r\000\040\000s\000t\000u\000b\000i\000n\000g\000\040}{subsection.3.14}% 70
\BOOKMARK [2][-]{subsection.3.15}{\376\377\000T\000e\000s\000t\000i\000n\000g\000\040\000p\000h\000i\000l\000o\000s\000o\000p\000h\000y}{section.3}% 71
\BOOKMARK [3][-]{subsubsection*.41}{\376\377\000T\000e\000s\000t\000\040\000d\000r\000i\000v\000e\000n\000\040\000d\000e\000v\000e\000l\000o\000p\000m\000e\000n\000t\000\040\000\050\000T\000D\000D\000\051\000\040}{subsection.3.15}% 72
\BOOKMARK [3][-]{subsubsection*.42}{\376\377\000B\000e\000h\000a\000v\000i\000o\000r\000\040\000d\000r\000i\000v\000e\000n\000\040\000d\000e\000v\000e\000l\000o\000p\000m\000e\000n\000t\000\040\000\050\000B\000D\000D\000\051}{subsection.3.15}% 73
\BOOKMARK [3][-]{subsubsection*.43}{\376\377\000A\000c\000c\000e\000p\000t\000a\000n\000c\000e\000\040\000t\000e\000s\000t\000\040\000d\000r\000i\000v\000e\000n\000\040\000d\000e\000v\000e\000l\000o\000p\000m\000e\000n\000t\000\040\000\050\000A\000T\000D\000D\000\051}{subsection.3.15}% 74
\BOOKMARK [2][-]{subsection.3.16}{\376\377\000T\000D\000D}{section.3}% 75
\BOOKMARK [2][-]{subsection.3.17}{\376\377\000D\000o\000e\000s\000\040\000u\000n\000i\000t\000\040\000t\000e\000s\000t\000i\000n\000g\000\040\000r\000e\000p\000l\000a\000c\000e\000\040\000a\000l\000l\000\040\000o\000t\000h\000e\000r\000\040\000t\000e\000s\000t\000i\000n\000g\000?}{section.3}% 76
\BOOKMARK [2][-]{subsection.3.18}{\376\377\000D\000o\000e\000s\000\040\000T\000D\000D\000\040\000w\000o\000r\000k\000\040\000f\000o\000r\000\040\000e\000v\000e\000r\000y\000t\000h\000i\000n\000g\000?}{section.3}% 77
\BOOKMARK [2][-]{subsection.3.19}{\376\377\000U\000n\000i\000t\000\040\000t\000e\000s\000t\000i\000n\000g\000\040\000f\000r\000a\000m\000e\000w\000o\000r\000k\000s}{section.3}% 78
\BOOKMARK [2][-]{subsection.3.20}{\376\377\000A\000s\000s\000e\000r\000t\000i\000o\000n}{section.3}% 79
\BOOKMARK [2][-]{subsection.3.21}{\376\377\000C\000a\000n\000\040\000I\000\040\000c\000h\000a\000n\000g\000e\000\040\000t\000h\000e\000\040\000o\000r\000d\000e\000r\000\040\000o\000f\000\040\000t\000e\000s\000t\000s\000?}{section.3}% 80
\BOOKMARK [2][-]{subsection.3.22}{\376\377\000W\000h\000y\000\040\000m\000o\000c\000k\000i\000n\000g\000?}{section.3}% 81
\BOOKMARK [2][-]{subsection.3.23}{\376\377\000M\000o\000c\000k\000\040\000O\000b\000j\000e\000c\000t\000\040\000F\000r\000a\000m\000e\000w\000o\000r\000k\000s}{section.3}% 82
\BOOKMARK [2][-]{subsection.3.24}{\376\377\000M\000e\000a\000s\000u\000r\000i\000n\000g\000\040\000c\000o\000d\000e\000\040\000c\000o\000v\000e\000r\000a\000g\000e}{section.3}% 83
\BOOKMARK [2][-]{subsection.3.25}{\376\377\000W\000h\000a\000t\000\040\000t\000o\000\040\000t\000e\000s\000t\000?}{section.3}% 84
\BOOKMARK [2][-]{subsection.3.26}{\376\377\000W\000h\000a\000t\000\040\000t\000o\000\040\000a\000v\000o\000i\000d}{section.3}% 85
\BOOKMARK [2][-]{subsection.3.27}{\376\377\000T\000e\000s\000t\000i\000n\000g\000\040\000m\000e\000t\000r\000i\000c\000s}{section.3}% 86
\BOOKMARK [3][-]{subsubsection*.44}{\376\377\000C\000y\000c\000l\000e\000\040\000t\000i\000m\000e}{subsection.3.27}% 87
\BOOKMARK [3][-]{subsubsection*.45}{\376\377\000V\000e\000l\000o\000c\000i\000t\000y}{subsection.3.27}% 88
\BOOKMARK [3][-]{subsubsection*.46}{\376\377\000C\000u\000s\000t\000o\000m\000e\000r\000\040\000s\000a\000t\000i\000s\000f\000a\000c\000t\000i\000o\000n\000\040}{subsection.3.27}% 89
\BOOKMARK [2][-]{subsection.3.28}{\376\377\0007\0000\000-\0002\0000\000-\0001\0000\000\045}{section.3}% 90
\BOOKMARK [2][-]{subsection.3.29}{\376\377\000D\000e\000p\000l\000o\000y\000m\000e\000n\000t}{section.3}% 91
\BOOKMARK [2][-]{subsection.3.30}{\376\377\000B\000e\000s\000t\000\040\000p\000r\000a\000c\000t\000i\000c\000e\000s}{section.3}% 92
\BOOKMARK [2][-]{subsection.3.31}{\376\377\000A\000\040\000r\000e\000a\000l\000\040\000l\000i\000f\000e\000\040\000e\000x\000a\000m\000p\000l\000e}{section.3}% 93
\BOOKMARK [2][-]{subsection.3.32}{\376\377\000T\000h\000e\000\040\000f\000u\000l\000l\000\040\000p\000i\000c\000t\000u\000r\000e}{section.3}% 94
\BOOKMARK [1][-]{section.4}{\376\377\000S\000e\000l\000e\000n\000i\000u\000m}{}% 95
